<?xml version="1.0" encoding="UTF-8"?>
<!-- Generated by org.testng.reporters.JUnitReportReporter -->
<testsuite name="DynamicXpathExamples.SimpleXpath" tests="1" time="17.481" ignored="0" failures="0" timestamp="12 Jun 2021 10:43:58 GMT" skipped="0" hostname="Neha-PC" errors="0">
  <testcase name="LogIn" time="17.481" classname="DynamicXpathExamples.SimpleXpath"/>
</testsuite> <!-- DynamicXpathExamples.SimpleXpath -->
