<?xml version="1.0" encoding="UTF-8"?>
<!-- Generated by org.testng.reporters.JUnitReportReporter -->
<testsuite name="DynamicXpathExamples.StartsWithFunction" tests="1" time="14.806" ignored="0" failures="0" timestamp="12 Jun 2021 12:55:43 GMT" skipped="0" hostname="Neha-PC" errors="0">
  <testcase name="StartsWith" time="14.806" classname="DynamicXpathExamples.StartsWithFunction"/>
</testsuite> <!-- DynamicXpathExamples.StartsWithFunction -->
