<?xml version="1.0" encoding="UTF-8"?>
<!-- Generated by org.testng.reporters.JUnitReportReporter -->
<testsuite name="DynamicXpathExamples.UseOfDoubleAttribute" tests="1" time="13.421" ignored="0" failures="0" timestamp="12 Jun 2021 12:44:43 GMT" skipped="0" hostname="Neha-PC" errors="0">
  <testcase name="f" time="13.421" classname="DynamicXpathExamples.UseOfDoubleAttribute"/>
</testsuite> <!-- DynamicXpathExamples.UseOfDoubleAttribute -->
