<?xml version="1.0" encoding="UTF-8"?>
<!-- Generated by org.testng.reporters.JUnitReportReporter -->
<testsuite name="DynamicXpathExamples.UseOfOrAnd" tests="1" time="11.562" ignored="0" failures="0" timestamp="12 Jun 2021 12:36:33 GMT" skipped="0" hostname="Neha-PC" errors="0">
  <testcase name="UseOfAnd" time="11.562" classname="DynamicXpathExamples.UseOfOrAnd"/>
</testsuite> <!-- DynamicXpathExamples.UseOfOrAnd -->
