<?xml version="1.0" encoding="UTF-8"?>
<!-- Generated by org.testng.reporters.JUnitReportReporter -->
<testsuite name="DynamicXpathExamples.UseOfContains" tests="1" time="9.954" ignored="0" failures="0" timestamp="12 Jun 2021 11:32:41 GMT" skipped="0" hostname="Neha-PC" errors="0">
  <testcase name="containsID" time="9.954" classname="DynamicXpathExamples.UseOfContains"/>
</testsuite> <!-- DynamicXpathExamples.UseOfContains -->
