<?xml version="1.0" encoding="UTF-8"?>
<!-- Generated by org.testng.reporters.JUnitReportReporter -->
<testsuite name="DynamicXpathExamples.UsingAxes" tests="1" time="13.464" ignored="0" failures="0" timestamp="12 Jun 2021 13:59:50 GMT" skipped="0" hostname="Neha-PC" errors="0">
  <testcase name="f" time="13.464" classname="DynamicXpathExamples.UsingAxes"/>
</testsuite> <!-- DynamicXpathExamples.UsingAxes -->
