<?xml version="1.0" encoding="UTF-8"?>
<!-- Generated by org.testng.reporters.JUnitReportReporter -->
<testsuite name="DynamicXpathJbkExample.JbkExamples" tests="1" time="0.015" ignored="0" failures="0" timestamp="13 Jun 2021 06:17:58 GMT" skipped="0" hostname="Neha-PC" errors="0">
  <testcase name="ApplicationTitle" time="0.015" classname="DynamicXpathJbkExample.JbkExamples"/>
</testsuite> <!-- DynamicXpathJbkExample.JbkExamples -->
